{"/Users/lewis.williams/LewisChain/WordChain/src/main/CheckWords.js": {"path":"/Users/lewis.williams/LewisChain/WordChain/src/main/CheckWords.js","statementMap":{"0":{"start":{"line":1,"column":16},"end":{"line":1,"column":42}},"1":{"start":{"line":5,"column":28},"end":{"line":5,"column":30}},"2":{"start":{"line":6,"column":20},"end":{"line":6,"column":21}},"3":{"start":{"line":7,"column":8},"end":{"line":17,"column":11}},"4":{"start":{"line":8,"column":12},"end":{"line":12,"column":13}},"5":{"start":{"line":8,"column":25},"end":{"line":8,"column":26}},"6":{"start":{"line":9,"column":16},"end":{"line":11,"column":17}},"7":{"start":{"line":10,"column":20},"end":{"line":10,"column":27}},"8":{"start":{"line":13,"column":12},"end":{"line":15,"column":13}},"9":{"start":{"line":14,"column":16},"end":{"line":14,"column":38}},"10":{"start":{"line":16,"column":12},"end":{"line":16,"column":22}},"11":{"start":{"line":18,"column":8},"end":{"line":18,"column":27}},"12":{"start":{"line":24,"column":23},"end":{"line":24,"column":25}},"13":{"start":{"line":25,"column":8},"end":{"line":32,"column":11}},"14":{"start":{"line":26,"column":12},"end":{"line":31,"column":13}},"15":{"start":{"line":26,"column":25},"end":{"line":26,"column":26}},"16":{"start":{"line":27,"column":16},"end":{"line":30,"column":17}},"17":{"start":{"line":28,"column":20},"end":{"line":29,"column":41}},"18":{"start":{"line":29,"column":24},"end":{"line":29,"column":41}},"19":{"start":{"line":33,"column":8},"end":{"line":33,"column":22}},"20":{"start":{"line":38,"column":8},"end":{"line":55,"column":13}},"21":{"start":{"line":39,"column":12},"end":{"line":39,"column":25}},"22":{"start":{"line":42,"column":12},"end":{"line":54,"column":13}},"23":{"start":{"line":42,"column":25},"end":{"line":42,"column":26}},"24":{"start":{"line":44,"column":26},"end":{"line":44,"column":32}},"25":{"start":{"line":46,"column":27},"end":{"line":46,"column":74}},"26":{"start":{"line":47,"column":36},"end":{"line":47,"column":80}},"27":{"start":{"line":48,"column":36},"end":{"line":48,"column":94}},"28":{"start":{"line":49,"column":35},"end":{"line":49,"column":96}},"29":{"start":{"line":51,"column":16},"end":{"line":53,"column":15}},"30":{"start":{"line":52,"column":15},"end":{"line":52,"column":28}},"31":{"start":{"line":58,"column":0},"end":{"line":58,"column":32}}},"fnMap":{"0":{"name":"(anonymous_0)","decl":{"start":{"line":4,"column":4},"end":{"line":4,"column":5}},"loc":{"start":{"line":4,"column":48},"end":{"line":19,"column":5}},"line":4},"1":{"name":"(anonymous_1)","decl":{"start":{"line":7,"column":30},"end":{"line":7,"column":31}},"loc":{"start":{"line":7,"column":38},"end":{"line":17,"column":9}},"line":7},"2":{"name":"(anonymous_2)","decl":{"start":{"line":23,"column":4},"end":{"line":23,"column":5}},"loc":{"start":{"line":23,"column":48},"end":{"line":34,"column":5}},"line":23},"3":{"name":"(anonymous_3)","decl":{"start":{"line":25,"column":17},"end":{"line":25,"column":18}},"loc":{"start":{"line":25,"column":25},"end":{"line":32,"column":9}},"line":25},"4":{"name":"(anonymous_4)","decl":{"start":{"line":37,"column":3},"end":{"line":37,"column":4}},"loc":{"start":{"line":37,"column":35},"end":{"line":56,"column":9}},"line":37}},"branchMap":{"0":{"loc":{"start":{"line":9,"column":16},"end":{"line":11,"column":17}},"type":"if","locations":[{"start":{"line":9,"column":16},"end":{"line":11,"column":17}},{"start":{"line":9,"column":16},"end":{"line":11,"column":17}}],"line":9},"1":{"loc":{"start":{"line":13,"column":12},"end":{"line":15,"column":13}},"type":"if","locations":[{"start":{"line":13,"column":12},"end":{"line":15,"column":13}},{"start":{"line":13,"column":12},"end":{"line":15,"column":13}}],"line":13},"2":{"loc":{"start":{"line":27,"column":16},"end":{"line":30,"column":17}},"type":"if","locations":[{"start":{"line":27,"column":16},"end":{"line":30,"column":17}},{"start":{"line":27,"column":16},"end":{"line":30,"column":17}}],"line":27},"3":{"loc":{"start":{"line":28,"column":20},"end":{"line":29,"column":41}},"type":"if","locations":[{"start":{"line":28,"column":20},"end":{"line":29,"column":41}},{"start":{"line":28,"column":20},"end":{"line":29,"column":41}}],"line":28},"4":{"loc":{"start":{"line":38,"column":8},"end":{"line":55,"column":13}},"type":"if","locations":[{"start":{"line":38,"column":8},"end":{"line":55,"column":13}},{"start":{"line":38,"column":8},"end":{"line":55,"column":13}}],"line":38},"5":{"loc":{"start":{"line":51,"column":16},"end":{"line":53,"column":15}},"type":"if","locations":[{"start":{"line":51,"column":16},"end":{"line":53,"column":15}},{"start":{"line":51,"column":16},"end":{"line":53,"column":15}}],"line":51}},"s":{"0":2,"1":1,"2":1,"3":1,"4":7,"5":7,"6":29,"7":11,"8":7,"9":2,"10":7,"11":1,"12":1,"13":1,"14":4,"15":4,"16":12,"17":2,"18":2,"19":1,"20":0,"21":0,"22":0,"23":0,"24":0,"25":0,"26":0,"27":0,"28":0,"29":0,"30":0,"31":2},"f":{"0":1,"1":7,"2":1,"3":4,"4":0},"b":{"0":[11,18],"1":[2,5],"2":[2,10],"3":[2,0],"4":[0,0],"5":[0,0]},"_coverageSchema":"43e27e138ebf9cfc5966b082cf9a028302ed4184","hash":"b5e8bcb61d26b4e10c913162bdc248e5585d4c7e"}
,"/Users/lewis.williams/LewisChain/WordChain/src/main/GetData.js": {"path":"/Users/lewis.williams/LewisChain/WordChain/src/main/GetData.js","statementMap":{"0":{"start":{"line":1,"column":11},"end":{"line":1,"column":24}},"1":{"start":{"line":6,"column":7},"end":{"line":11,"column":18}},"2":{"start":{"line":7,"column":25},"end":{"line":7,"column":55}},"3":{"start":{"line":8,"column":32},"end":{"line":8,"column":70}},"4":{"start":{"line":8,"column":61},"end":{"line":8,"column":69}},"5":{"start":{"line":9,"column":12},"end":{"line":9,"column":36}},"6":{"start":{"line":10,"column":11},"end":{"line":10,"column":32}},"7":{"start":{"line":17,"column":7},"end":{"line":20,"column":9}},"8":{"start":{"line":18,"column":33},"end":{"line":18,"column":93}},"9":{"start":{"line":18,"column":60},"end":{"line":18,"column":92}},"10":{"start":{"line":19,"column":11},"end":{"line":19,"column":33}},"11":{"start":{"line":23,"column":0},"end":{"line":23,"column":25}}},"fnMap":{"0":{"name":"(anonymous_0)","decl":{"start":{"line":5,"column":4},"end":{"line":5,"column":5}},"loc":{"start":{"line":5,"column":33},"end":{"line":12,"column":13}},"line":5},"1":{"name":"(anonymous_1)","decl":{"start":{"line":6,"column":26},"end":{"line":6,"column":27}},"loc":{"start":{"line":6,"column":39},"end":{"line":11,"column":17}},"line":6},"2":{"name":"(anonymous_2)","decl":{"start":{"line":8,"column":56},"end":{"line":8,"column":57}},"loc":{"start":{"line":8,"column":61},"end":{"line":8,"column":69}},"line":8},"3":{"name":"(anonymous_3)","decl":{"start":{"line":16,"column":4},"end":{"line":16,"column":5}},"loc":{"start":{"line":16,"column":54},"end":{"line":21,"column":4}},"line":16},"4":{"name":"(anonymous_4)","decl":{"start":{"line":17,"column":27},"end":{"line":17,"column":28}},"loc":{"start":{"line":17,"column":38},"end":{"line":20,"column":8}},"line":17},"5":{"name":"(anonymous_5)","decl":{"start":{"line":18,"column":52},"end":{"line":18,"column":53}},"loc":{"start":{"line":18,"column":60},"end":{"line":18,"column":92}},"line":18}},"branchMap":{},"s":{"0":3,"1":2,"2":2,"3":0,"4":0,"5":0,"6":0,"7":1,"8":1,"9":4,"10":1,"11":3},"f":{"0":2,"1":2,"2":0,"3":1,"4":1,"5":4},"b":{},"_coverageSchema":"43e27e138ebf9cfc5966b082cf9a028302ed4184","hash":"ad6ecef3c29b8d8118c7dae2a514719ccf044a53"}
,"/Users/lewis.williams/LewisChain/WordChain/src/main/WordChain.js": {"path":"/Users/lewis.williams/LewisChain/WordChain/src/main/WordChain.js","statementMap":{"0":{"start":{"line":1,"column":16},"end":{"line":1,"column":42}},"1":{"start":{"line":2,"column":19},"end":{"line":2,"column":48}},"2":{"start":{"line":6,"column":12},"end":{"line":6,"column":40}},"3":{"start":{"line":7,"column":12},"end":{"line":7,"column":38}},"4":{"start":{"line":11,"column":8},"end":{"line":11,"column":31}},"5":{"start":{"line":15,"column":8},"end":{"line":15,"column":32}},"6":{"start":{"line":19,"column":8},"end":{"line":19,"column":30}},"7":{"start":{"line":23,"column":12},"end":{"line":25,"column":13}},"8":{"start":{"line":24,"column":16},"end":{"line":24,"column":52}},"9":{"start":{"line":26,"column":12},"end":{"line":30,"column":9}},"10":{"start":{"line":27,"column":16},"end":{"line":29,"column":17}},"11":{"start":{"line":28,"column":16},"end":{"line":28,"column":49}},"12":{"start":{"line":34,"column":31},"end":{"line":34,"column":47}},"13":{"start":{"line":35,"column":44},"end":{"line":35,"column":48}},"14":{"start":{"line":36,"column":12},"end":{"line":36,"column":59}},"15":{"start":{"line":37,"column":26},"end":{"line":37,"column":28}},"16":{"start":{"line":38,"column":12},"end":{"line":38,"column":44}},"17":{"start":{"line":39,"column":12},"end":{"line":47,"column":13}},"18":{"start":{"line":40,"column":34},"end":{"line":40,"column":81}},"19":{"start":{"line":41,"column":37},"end":{"line":41,"column":103}},"20":{"start":{"line":42,"column":34},"end":{"line":42,"column":103}},"21":{"start":{"line":43,"column":37},"end":{"line":43,"column":118}},"22":{"start":{"line":44,"column":34},"end":{"line":44,"column":91}},"23":{"start":{"line":45,"column":15},"end":{"line":45,"column":38}},"24":{"start":{"line":46,"column":15},"end":{"line":46,"column":44}},"25":{"start":{"line":48,"column":12},"end":{"line":48,"column":26}},"26":{"start":{"line":52,"column":0},"end":{"line":52,"column":27}}},"fnMap":{"0":{"name":"(anonymous_0)","decl":{"start":{"line":5,"column":8},"end":{"line":5,"column":9}},"loc":{"start":{"line":5,"column":39},"end":{"line":8,"column":9}},"line":5},"1":{"name":"(anonymous_1)","decl":{"start":{"line":10,"column":5},"end":{"line":10,"column":6}},"loc":{"start":{"line":10,"column":20},"end":{"line":12,"column":5}},"line":10},"2":{"name":"(anonymous_2)","decl":{"start":{"line":14,"column":5},"end":{"line":14,"column":6}},"loc":{"start":{"line":14,"column":25},"end":{"line":16,"column":5}},"line":14},"3":{"name":"(anonymous_3)","decl":{"start":{"line":18,"column":4},"end":{"line":18,"column":5}},"loc":{"start":{"line":18,"column":18},"end":{"line":20,"column":5}},"line":18},"4":{"name":"(anonymous_4)","decl":{"start":{"line":22,"column":4},"end":{"line":22,"column":5}},"loc":{"start":{"line":22,"column":49},"end":{"line":31,"column":5}},"line":22},"5":{"name":"(anonymous_5)","decl":{"start":{"line":33,"column":1},"end":{"line":33,"column":2}},"loc":{"start":{"line":33,"column":14},"end":{"line":50,"column":5}},"line":33}},"branchMap":{"0":{"loc":{"start":{"line":23,"column":12},"end":{"line":25,"column":13}},"type":"if","locations":[{"start":{"line":23,"column":12},"end":{"line":25,"column":13}},{"start":{"line":23,"column":12},"end":{"line":25,"column":13}}],"line":23},"1":{"loc":{"start":{"line":26,"column":12},"end":{"line":30,"column":9}},"type":"if","locations":[{"start":{"line":26,"column":12},"end":{"line":30,"column":9}},{"start":{"line":26,"column":12},"end":{"line":30,"column":9}}],"line":26},"2":{"loc":{"start":{"line":27,"column":16},"end":{"line":29,"column":17}},"type":"if","locations":[{"start":{"line":27,"column":16},"end":{"line":29,"column":17}},{"start":{"line":27,"column":16},"end":{"line":29,"column":17}}],"line":27},"3":{"loc":{"start":{"line":27,"column":20},"end":{"line":27,"column":114}},"type":"binary-expr","locations":[{"start":{"line":27,"column":20},"end":{"line":27,"column":40}},{"start":{"line":27,"column":44},"end":{"line":27,"column":64}},{"start":{"line":27,"column":68},"end":{"line":27,"column":89}},{"start":{"line":27,"column":93},"end":{"line":27,"column":114}}],"line":27}},"s":{"0":1,"1":1,"2":1,"3":1,"4":1,"5":0,"6":0,"7":3,"8":1,"9":2,"10":2,"11":1,"12":1,"13":1,"14":1,"15":1,"16":1,"17":1,"18":1,"19":0,"20":0,"21":0,"22":0,"23":0,"24":0,"25":0,"26":1},"f":{"0":1,"1":1,"2":0,"3":0,"4":3,"5":1},"b":{"0":[1,2],"1":[2,0],"2":[1,1],"3":[2,1,1,1]},"_coverageSchema":"43e27e138ebf9cfc5966b082cf9a028302ed4184","hash":"dda75784300c1566856e3e826bf2d4bb08f838e1"}
}
