TN:
SF:/Users/lewis.williams/LewisChain/WordChain/src/main/CheckWords.js
FN:4,(anonymous_0)
FN:7,(anonymous_1)
FN:23,(anonymous_2)
FN:25,(anonymous_3)
FN:37,(anonymous_4)
FNF:5
FNH:4
FNDA:1,(anonymous_0)
FNDA:7,(anonymous_1)
FNDA:1,(anonymous_2)
FNDA:4,(anonymous_3)
FNDA:0,(anonymous_4)
DA:1,2
DA:5,1
DA:6,1
DA:7,1
DA:8,7
DA:9,29
DA:10,11
DA:13,7
DA:14,2
DA:16,7
DA:18,1
DA:24,1
DA:25,1
DA:26,4
DA:27,12
DA:28,2
DA:29,2
DA:33,1
DA:38,0
DA:39,0
DA:42,0
DA:44,0
DA:46,0
DA:47,0
DA:48,0
DA:49,0
DA:51,0
DA:52,0
DA:58,2
LF:29
LH:19
BRDA:9,0,0,11
BRDA:9,0,1,18
BRDA:13,1,0,2
BRDA:13,1,1,5
BRDA:27,2,0,2
BRDA:27,2,1,10
BRDA:28,3,0,2
BRDA:28,3,1,0
BRDA:38,4,0,0
BRDA:38,4,1,0
BRDA:51,5,0,0
BRDA:51,5,1,0
BRF:12
BRH:7
end_of_record
TN:
SF:/Users/lewis.williams/LewisChain/WordChain/src/main/GetData.js
FN:5,(anonymous_0)
FN:6,(anonymous_1)
FN:8,(anonymous_2)
FN:16,(anonymous_3)
FN:17,(anonymous_4)
FN:18,(anonymous_5)
FNF:6
FNH:5
FNDA:2,(anonymous_0)
FNDA:2,(anonymous_1)
FNDA:0,(anonymous_2)
FNDA:1,(anonymous_3)
FNDA:1,(anonymous_4)
FNDA:4,(anonymous_5)
DA:1,3
DA:6,2
DA:7,2
DA:8,0
DA:9,0
DA:10,0
DA:17,1
DA:18,4
DA:19,1
DA:23,3
LF:10
LH:7
BRF:0
BRH:0
end_of_record
TN:
SF:/Users/lewis.williams/LewisChain/WordChain/src/main/WordChain.js
FN:5,(anonymous_0)
FN:10,(anonymous_1)
FN:14,(anonymous_2)
FN:18,(anonymous_3)
FN:22,(anonymous_4)
FN:33,(anonymous_5)
FNF:6
FNH:4
FNDA:1,(anonymous_0)
FNDA:1,(anonymous_1)
FNDA:0,(anonymous_2)
FNDA:0,(anonymous_3)
FNDA:3,(anonymous_4)
FNDA:1,(anonymous_5)
DA:1,1
DA:2,1
DA:6,1
DA:7,1
DA:11,1
DA:15,0
DA:19,0
DA:23,3
DA:24,1
DA:26,2
DA:27,2
DA:28,1
DA:34,1
DA:35,1
DA:36,1
DA:37,1
DA:38,1
DA:39,1
DA:40,1
DA:41,0
DA:42,0
DA:43,0
DA:44,0
DA:45,0
DA:46,0
DA:48,0
DA:52,1
LF:27
LH:18
BRDA:23,0,0,1
BRDA:23,0,1,2
BRDA:26,1,0,2
BRDA:26,1,1,0
BRDA:27,2,0,1
BRDA:27,2,1,1
BRDA:27,3,0,2
BRDA:27,3,1,1
BRDA:27,3,2,1
BRDA:27,3,3,1
BRF:10
BRH:9
end_of_record
